FTP Administrative Access Log
============================
Server: corporate-fileserver.internal
Log Level: INFO
Rotation: Daily

2024-01-15 08:45:23 - Anonymous login from 192.168.1.100
2024-01-15 08:45:24 - Directory listing: /ftp/public
2024-01-15 08:47:15 - Failed login attempt: jsmith/wrongpass
2024-01-15 08:47:20 - Failed login attempt: jsmith/admin
2024-01-15 08:47:25 - Successful login: jsmith/admin123
2024-01-15 08:47:26 - Directory access: /ftp/admin
2024-01-15 08:48:10 - File download: system_backup.enc
2024-01-15 08:48:45 - Connection closed: jsmith
2024-01-15 09:12:33 - Anonymous login from 192.168.1.105
2024-01-15 09:12:34 - Directory listing: /ftp/public
2024-01-15 09:15:18 - Failed login attempt: rbrown/password
2024-01-15 09:15:22 - Successful login: rbrown/user
2024-01-15 09:15:23 - Directory access: /ftp/backup
2024-01-15 09:16:45 - Connection closed: rbrown

Security Notice: Multiple brute force attempts detected
Implement stronger password policies for employee accounts
Consider implementing two-factor authentication