FTP Anonymous Access Log
========================

2024-03-15 14:32:11 - Anonymous login from 192.168.1.100
2024-03-15 14:32:15 - LIST /ftp/public
2024-03-15 14:32:18 - RETR README.txt
2024-03-15 14:32:25 - LIST /ftp/config
2024-03-15 14:32:28 - RETR ftp_config.bak
2024-03-15 14:32:35 - RETR cipher_key.txt
2024-03-15 14:32:42 - RETR project_archive.enc
2024-03-15 14:32:48 - QUIT

2024-03-15 15:15:33 - Anonymous login from 10.0.0.50
2024-03-15 15:15:37 - LIST /ftp/public
2024-03-15 15:15:45 - Connection timeout

2024-03-15 16:22:19 - Anonymous login from 172.16.0.75
2024-03-15 16:22:23 - LIST /ftp
2024-03-15 16:22:27 - Access denied to /ftp/admin
2024-03-15 16:22:31 - QUIT

Total anonymous sessions today: 3
Files accessed: 4
Access violations: 1