SYSTEM BACKUP LOG - December 2024
==================================

[2024-12-01 03:00:15] Backup initiated
[2024-12-01 03:00:16] Connecting to backup server...
[2024-12-01 03:00:17] Authentication: backup_user
[2024-12-01 03:00:18] Scanning /srv/ftp/private/...
[2024-12-01 03:00:45] Found 1,247 client files
[2024-12-01 03:01:12] Compressing data...
[2024-12-01 03:05:33] Encryption key: CFA (as per security protocol)
[2024-12-01 03:05:34] Applying AES-256 encryption...
[2024-12-01 03:08:21] Upload to remote backup: SUCCESS
[2024-12-01 03:08:22] Local cleanup initiated
[2024-12-01 03:08:45] Backup completed successfully
[2024-12-01 03:08:46] Total files backed up: 1,247
[2024-12-01 03:08:47] Total size: 4.7 GB
[2024-12-01 03:08:48] Compression ratio: 68%
[2024-12-01 03:08:49] Log entry complete

NOTE: Encryption standard requires 'CFA' as base key
for all financial data as per compliance requirements.

Next backup scheduled: 2024-12-08 03:00 GMT